<?xml version="1.0" encoding="UTF-8"?>
<!-- Generated by org.testng.reporters.JUnitReportReporter -->
<testsuite hostname="Midhuns-Air.bbrouter" failures="0" tests="6" name="com.swaglabs.testcases.LoginFunctionality" time="14.711" errors="0" timestamp="2024-02-02T13:47:24 IST" skipped="0">
  <testcase classname="com.swaglabs.testcases.LoginFunctionality" name="testWithBlankFields" time="2.053"/>
  <testcase classname="com.swaglabs.testcases.LoginFunctionality" name="testWithValidCredentials" time="2.641"/>
  <testcase classname="com.swaglabs.testcases.LoginFunctionality" name="testWithInvalidUsername" time="2.217"/>
  <testcase classname="com.swaglabs.testcases.LoginFunctionality" name="testLogout" time="2.809"/>
  <testcase classname="com.swaglabs.testcases.LoginFunctionality" name="testWithLockedUser" time="2.156"/>
  <testcase classname="com.swaglabs.testcases.LoginFunctionality" name="testWithInvalidPassword" time="2.835"/>
</testsuite> <!-- com.swaglabs.testcases.LoginFunctionality -->
