<?xml version="1.0" encoding="UTF-8"?>
<!-- Generated by org.testng.reporters.JUnitReportReporter -->
<testsuite hostname="Midhuns-Air.bbrouter" failures="0" tests="18" name="com.swaglabs.testcases.TestProductPage" time="47.749" errors="0" timestamp="2024-02-22T16:00:09 IST" skipped="0">
  <testcase classname="com.swaglabs.testcases.TestProductPage" name="testAddToCart" time="2.423"/>
  <testcase classname="com.swaglabs.testcases.TestProductPage" name="testAddMultipleProduct" time="2.400"/>
  <testcase classname="com.swaglabs.testcases.TestProductPage" name="testRemoveMultipleProduct" time="4.964"/>
  <testcase classname="com.swaglabs.testcases.TestProductPage" name="testProductDescription" time="2.129"/>
  <testcase classname="com.swaglabs.testcases.TestProductPage" name="testNavigationToProductDetail" time="2.223"/>
  <testcase classname="com.swaglabs.testcases.TestProductPage" name="testProductSorting" time="2.338"/>
  <testcase classname="com.swaglabs.testcases.TestProductPage" name="testProductDisplay" time="2.342"/>
  <testcase classname="com.swaglabs.testcases.TestProductPage" name="testProductDisplay" time="2.289"/>
  <testcase classname="com.swaglabs.testcases.TestProductPage" name="testAddMultipleProduct" time="2.444"/>
  <testcase classname="com.swaglabs.testcases.TestProductPage" name="removeProductFromCartInProductPage" time="3.721"/>
  <testcase classname="com.swaglabs.testcases.TestProductPage" name="testProductSorting" time="2.261"/>
  <testcase classname="com.swaglabs.testcases.TestProductPage" name="goToProductDetailByImage" time="2.151"/>
  <testcase classname="com.swaglabs.testcases.TestProductPage" name="goToProductDetailByImage" time="2.332"/>
  <testcase classname="com.swaglabs.testcases.TestProductPage" name="testRemoveMultipleProduct" time="3.657"/>
  <testcase classname="com.swaglabs.testcases.TestProductPage" name="removeProductFromCartInProductPage" time="3.167"/>
  <testcase classname="com.swaglabs.testcases.TestProductPage" name="testAddToCart" time="2.536"/>
  <testcase classname="com.swaglabs.testcases.TestProductPage" name="testProductDescription" time="2.086"/>
  <testcase classname="com.swaglabs.testcases.TestProductPage" name="testNavigationToProductDetail" time="2.286"/>
</testsuite> <!-- com.swaglabs.testcases.TestProductPage -->
