<?xml version="1.0" encoding="UTF-8"?>
<!-- Generated by org.testng.reporters.JUnitReportReporter -->
<testsuite hostname="Midhuns-Air.bbrouter" failures="0" tests="1" name="com.swaglabs.testcases.LoginFunctionality" time="1.953" errors="0" timestamp="2024-02-01T02:00:47 IST" skipped="0">
  <testcase classname="com.swaglabs.testcases.LoginFunctionality" name="testWithInvalidPassword" time="1.953"/>
</testsuite> <!-- com.swaglabs.testcases.LoginFunctionality -->
