<?xml version="1.0" encoding="UTF-8"?>
<!-- Generated by org.testng.reporters.JUnitReportReporter -->
<testsuite hostname="Midhuns-Air.bbrouter" failures="0" tests="10" name="com.swaglabs.testcases.TestDetailPage" time="18.443" errors="0" timestamp="2024-02-10T00:31:17 IST" skipped="0">
  <testcase classname="com.swaglabs.testcases.TestDetailPage" name="testBackToProduct" time="1.409"/>
  <testcase classname="com.swaglabs.testcases.TestDetailPage" name="testaddTocart" time="1.436"/>
  <testcase classname="com.swaglabs.testcases.TestDetailPage" name="testProductDetails" time="1.408"/>
  <testcase classname="com.swaglabs.testcases.TestDetailPage" name="testProductImage" time="1.776"/>
  <testcase classname="com.swaglabs.testcases.TestDetailPage" name="testRemoveFromcart" time="3.091"/>
  <testcase classname="com.swaglabs.testcases.TestDetailPage" name="testaddTocart" time="1.576"/>
  <testcase classname="com.swaglabs.testcases.TestDetailPage" name="testProductDetails" time="2.308"/>
  <testcase classname="com.swaglabs.testcases.TestDetailPage" name="testRemoveFromcart" time="2.605"/>
  <testcase classname="com.swaglabs.testcases.TestDetailPage" name="testBackToProduct" time="1.378"/>
  <testcase classname="com.swaglabs.testcases.TestDetailPage" name="testProductImage" time="1.456"/>
</testsuite> <!-- com.swaglabs.testcases.TestDetailPage -->
