<?xml version="1.0" encoding="UTF-8"?>
<!-- Generated by org.testng.reporters.JUnitReportReporter -->
<testsuite hostname="Midhuns-Air.bbrouter" failures="0" tests="2" name="com.swaglabs.testcases.TestProductPage" time="7.319" errors="0" timestamp="2024-02-08T00:41:10 IST" skipped="0">
  <testcase classname="com.swaglabs.testcases.TestProductPage" name="testRemoveMultipleProduct" time="4.005"/>
  <testcase classname="com.swaglabs.testcases.TestProductPage" name="testRemoveMultipleProduct" time="3.314"/>
</testsuite> <!-- com.swaglabs.testcases.TestProductPage -->
