<?xml version="1.0" encoding="UTF-8"?>
<!-- Generated by org.testng.reporters.JUnitReportReporter -->
<testsuite hostname="Midhuns-Air.bbrouter" failures="0" tests="2" name="com.swaglabs.testcases.TestProductPage" time="4.769" errors="0" timestamp="2024-02-04T01:10:47 IST" skipped="0">
  <testcase classname="com.swaglabs.testcases.TestProductPage" name="testAddToCart" time="2.664"/>
  <testcase classname="com.swaglabs.testcases.TestProductPage" name="testAddToCart" time="2.105"/>
</testsuite> <!-- com.swaglabs.testcases.TestProductPage -->
