<?xml version="1.0" encoding="UTF-8"?>
<!-- Generated by org.testng.reporters.JUnitReportReporter -->
<testsuite hostname="Midhuns-Air.bbrouter" failures="0" tests="2" name="com.swaglabs.testcases.TestProductPage" time="5.015" errors="0" timestamp="2024-02-06T19:13:16 IST" skipped="0">
  <testcase classname="com.swaglabs.testcases.TestProductPage" name="removeProductFromCartInProductPage" time="2.864"/>
  <testcase classname="com.swaglabs.testcases.TestProductPage" name="removeProductFromCartInProductPage" time="2.151"/>
</testsuite> <!-- com.swaglabs.testcases.TestProductPage -->
