<?xml version="1.0" encoding="UTF-8"?>
<!-- Generated by org.testng.reporters.JUnitReportReporter -->
<testsuite hostname="Midhuns-Air.bbrouter" failures="0" tests="4" name="com.swaglabs.testcases.TestDetailPage" time="13.492" errors="0" timestamp="2024-02-25T13:29:00 IST" skipped="0">
  <testcase classname="com.swaglabs.testcases.TestDetailPage" name="testaddTocart" time="2.752"/>
  <testcase classname="com.swaglabs.testcases.TestDetailPage" name="testaddTocart" time="2.456"/>
  <testcase classname="com.swaglabs.testcases.TestDetailPage" name="testRemoveFromcart" time="3.397"/>
  <testcase classname="com.swaglabs.testcases.TestDetailPage" name="testRemoveFromcart" time="4.887"/>
</testsuite> <!-- com.swaglabs.testcases.TestDetailPage -->
