<?xml version="1.0" encoding="UTF-8"?>
<!-- Generated by org.testng.reporters.JUnitReportReporter -->
<testsuite hostname="Midhuns-Air.bbrouter" failures="0" tests="6" name="com.swaglabs.testcases.LoginFunctionality" time="10.300" errors="0" timestamp="2024-02-01T08:16:40 IST" skipped="0">
  <testcase classname="com.swaglabs.testcases.LoginFunctionality" name="testWithValidCredentials" time="2.094"/>
  <testcase classname="com.swaglabs.testcases.LoginFunctionality" name="testWithInvalidPassword" time="1.412"/>
  <testcase classname="com.swaglabs.testcases.LoginFunctionality" name="testLogout" time="2.457"/>
  <testcase classname="com.swaglabs.testcases.LoginFunctionality" name="testWithBlankFields" time="1.485"/>
  <testcase classname="com.swaglabs.testcases.LoginFunctionality" name="testWithInvalidUsername" time="1.367"/>
  <testcase classname="com.swaglabs.testcases.LoginFunctionality" name="testWithLockedUser" time="1.485"/>
</testsuite> <!-- com.swaglabs.testcases.LoginFunctionality -->
