<?xml version="1.0" encoding="UTF-8"?>
<!-- Generated by org.testng.reporters.JUnitReportReporter -->
<testsuite hostname="Midhuns-Air.bbrouter" failures="0" tests="6" name="com.swaglabs.testcases.TestLoginFunctionality" time="15.681" errors="0" timestamp="2024-02-22T16:00:09 IST" skipped="0">
  <testcase classname="com.swaglabs.testcases.TestLoginFunctionality" name="testWithInvalidUsername" time="3.715"/>
  <testcase classname="com.swaglabs.testcases.TestLoginFunctionality" name="testLogout" time="2.766"/>
  <testcase classname="com.swaglabs.testcases.TestLoginFunctionality" name="testWithInvalidPassword" time="2.323"/>
  <testcase classname="com.swaglabs.testcases.TestLoginFunctionality" name="testWithBlankFields" time="1.914"/>
  <testcase classname="com.swaglabs.testcases.TestLoginFunctionality" name="testWithLockedUser" time="2.217"/>
  <testcase classname="com.swaglabs.testcases.TestLoginFunctionality" name="testWithValidCredentials" time="2.746"/>
</testsuite> <!-- com.swaglabs.testcases.TestLoginFunctionality -->
