<?xml version="1.0" encoding="UTF-8"?>
<!-- Generated by org.testng.reporters.JUnitReportReporter -->
<testsuite hostname="Midhuns-Air.bbrouter" failures="0" tests="2" name="com.swaglabs.testcases.TestProductPage" time="4.313" errors="0" timestamp="2024-02-04T16:49:20 IST" skipped="0">
  <testcase classname="com.swaglabs.testcases.TestProductPage" name="testProductSorting" time="1.992"/>
  <testcase classname="com.swaglabs.testcases.TestProductPage" name="testProductSorting" time="2.321"/>
</testsuite> <!-- com.swaglabs.testcases.TestProductPage -->
