<?xml version="1.0" encoding="UTF-8"?>
<!-- Generated by org.testng.reporters.JUnitReportReporter -->
<testsuite hostname="Midhuns-Air.bbrouter" failures="0" tests="1" name="com.swaglabs.cucumber.TestNGTestRunner" time="2.662" errors="0" timestamp="2024-02-16T14:17:41 IST" skipped="0">
  <testcase classname="com.swaglabs.cucumber.TestNGTestRunner" name="runScenario" time="2.662"/>
</testsuite> <!-- com.swaglabs.cucumber.TestNGTestRunner -->
