<?xml version="1.0" encoding="UTF-8"?>
<!-- Generated by org.testng.reporters.JUnitReportReporter -->
<testsuite hostname="Midhuns-Air.bbrouter" failures="0" tests="10" name="com.swaglabs.testcases.TestDetailPage" time="45.791" errors="0" timestamp="2024-02-09T12:32:22 IST" skipped="0">
  <testcase classname="com.swaglabs.testcases.TestDetailPage" name="testRemoveFromcart" time="6.203"/>
  <testcase classname="com.swaglabs.testcases.TestDetailPage" name="testRemoveFromcart" time="7.067"/>
  <testcase classname="com.swaglabs.testcases.TestDetailPage" name="testBackToProduct" time="4.040"/>
  <testcase classname="com.swaglabs.testcases.TestDetailPage" name="testProductDetails" time="3.896"/>
  <testcase classname="com.swaglabs.testcases.TestDetailPage" name="testBackToProduct" time="4.029"/>
  <testcase classname="com.swaglabs.testcases.TestDetailPage" name="testProductDetails" time="3.979"/>
  <testcase classname="com.swaglabs.testcases.TestDetailPage" name="testaddTocart" time="4.687"/>
  <testcase classname="com.swaglabs.testcases.TestDetailPage" name="testaddTocart" time="4.211"/>
  <testcase classname="com.swaglabs.testcases.TestDetailPage" name="testProductImage" time="3.792"/>
  <testcase classname="com.swaglabs.testcases.TestDetailPage" name="testProductImage" time="3.887"/>
</testsuite> <!-- com.swaglabs.testcases.TestDetailPage -->
