<?xml version="1.0" encoding="UTF-8"?>
<!-- Generated by org.testng.reporters.JUnitReportReporter -->
<testsuite hostname="Midhuns-Air.bbrouter" failures="0" tests="6" name="com.swaglabs.testcases.TestLoginFunctionality" time="9.534" errors="0" timestamp="2024-02-10T00:40:04 IST" skipped="0">
  <testcase classname="com.swaglabs.testcases.TestLoginFunctionality" name="testWithValidCredentials" time="2.221"/>
  <testcase classname="com.swaglabs.testcases.TestLoginFunctionality" name="testLogout" time="2.035"/>
  <testcase classname="com.swaglabs.testcases.TestLoginFunctionality" name="testWithBlankFields" time="1.193"/>
  <testcase classname="com.swaglabs.testcases.TestLoginFunctionality" name="testWithInvalidPassword" time="1.375"/>
  <testcase classname="com.swaglabs.testcases.TestLoginFunctionality" name="testWithLockedUser" time="1.581"/>
  <testcase classname="com.swaglabs.testcases.TestLoginFunctionality" name="testWithInvalidUsername" time="1.129"/>
</testsuite> <!-- com.swaglabs.testcases.TestLoginFunctionality -->
