<?xml version="1.0" encoding="UTF-8"?>
<!-- Generated by org.testng.reporters.JUnitReportReporter -->
<testsuite hostname="Midhuns-Air.bbrouter" failures="0" tests="4" name="com.swaglabs.testcases.TestLoginFunctionality" time="11.648" errors="0" timestamp="2024-02-25T13:29:00 IST" skipped="0">
  <testcase classname="com.swaglabs.testcases.TestLoginFunctionality" name="testWithLockedUser" time="2.337"/>
  <testcase classname="com.swaglabs.testcases.TestLoginFunctionality" name="testLogout" time="2.340"/>
  <testcase classname="com.swaglabs.testcases.TestLoginFunctionality" name="testWithInvalidPassword" time="3.769"/>
  <testcase classname="com.swaglabs.testcases.TestLoginFunctionality" name="testWithValidCredentials" time="3.202"/>
</testsuite> <!-- com.swaglabs.testcases.TestLoginFunctionality -->
