<?xml version="1.0" encoding="UTF-8"?>
<!-- Generated by org.testng.reporters.JUnitReportReporter -->
<testsuite hostname="Midhuns-Air.bbrouter" failures="0" tests="2" name="com.swaglabs.testcases.TestProductPage" time="5.607" errors="0" timestamp="2024-02-03T00:47:47 IST" skipped="0">
  <testcase classname="com.swaglabs.testcases.TestProductPage" name="testProductDisplay" time="2.555"/>
  <testcase classname="com.swaglabs.testcases.TestProductPage" name="testProductDisplay" time="3.052"/>
</testsuite> <!-- com.swaglabs.testcases.TestProductPage -->
