<?xml version="1.0" encoding="UTF-8"?>
<!-- Generated by org.testng.reporters.JUnitReportReporter -->
<testsuite hostname="Midhuns-Air.bbrouter" failures="0" tests="2" name="com.swaglabs.testcases.TestProductPage" time="5.135" errors="0" timestamp="2024-02-06T01:44:12 IST" skipped="0">
  <testcase classname="com.swaglabs.testcases.TestProductPage" name="testNavigationToProductDetail" time="2.211"/>
  <testcase classname="com.swaglabs.testcases.TestProductPage" name="testNavigationToProductDetail" time="2.924"/>
</testsuite> <!-- com.swaglabs.testcases.TestProductPage -->
