<?xml version="1.0" encoding="UTF-8"?>
<!-- Generated by org.testng.reporters.JUnitReportReporter -->
<testsuite hostname="Midhuns-Air.bbrouter" failures="0" tests="8" name="com.swaglabs.testcases.TestProductPage" time="23.159" errors="0" timestamp="2024-02-25T13:29:00 IST" skipped="0">
  <testcase classname="com.swaglabs.testcases.TestProductPage" name="testRemoveMultipleProduct" time="3.449"/>
  <testcase classname="com.swaglabs.testcases.TestProductPage" name="testRemoveMultipleProduct" time="3.541"/>
  <testcase classname="com.swaglabs.testcases.TestProductPage" name="testProductDisplay" time="2.565"/>
  <testcase classname="com.swaglabs.testcases.TestProductPage" name="testAddToCart" time="2.538"/>
  <testcase classname="com.swaglabs.testcases.TestProductPage" name="testProductSorting" time="3.501"/>
  <testcase classname="com.swaglabs.testcases.TestProductPage" name="testProductDisplay" time="2.305"/>
  <testcase classname="com.swaglabs.testcases.TestProductPage" name="testProductSorting" time="2.565"/>
  <testcase classname="com.swaglabs.testcases.TestProductPage" name="testAddToCart" time="2.695"/>
</testsuite> <!-- com.swaglabs.testcases.TestProductPage -->
