<?xml version="1.0" encoding="UTF-8"?>
<!-- Generated by org.testng.reporters.JUnitReportReporter -->
<testsuite hostname="Midhuns-Air.bbrouter" failures="0" tests="18" name="com.swaglabs.testcases.TestProductPage" time="31.672" errors="0" timestamp="2024-02-10T00:40:04 IST" skipped="0">
  <testcase classname="com.swaglabs.testcases.TestProductPage" name="testProductSorting" time="1.682"/>
  <testcase classname="com.swaglabs.testcases.TestProductPage" name="testProductDisplay" time="1.287"/>
  <testcase classname="com.swaglabs.testcases.TestProductPage" name="testProductDisplay" time="1.403"/>
  <testcase classname="com.swaglabs.testcases.TestProductPage" name="testAddMultipleProduct" time="1.640"/>
  <testcase classname="com.swaglabs.testcases.TestProductPage" name="testProductDescription" time="1.338"/>
  <testcase classname="com.swaglabs.testcases.TestProductPage" name="testAddMultipleProduct" time="1.573"/>
  <testcase classname="com.swaglabs.testcases.TestProductPage" name="testAddToCart" time="1.411"/>
  <testcase classname="com.swaglabs.testcases.TestProductPage" name="goToProductDetailByImage" time="1.490"/>
  <testcase classname="com.swaglabs.testcases.TestProductPage" name="testNavigationToProductDetail" time="1.372"/>
  <testcase classname="com.swaglabs.testcases.TestProductPage" name="testRemoveMultipleProduct" time="2.830"/>
  <testcase classname="com.swaglabs.testcases.TestProductPage" name="testRemoveMultipleProduct" time="2.619"/>
  <testcase classname="com.swaglabs.testcases.TestProductPage" name="testNavigationToProductDetail" time="1.513"/>
  <testcase classname="com.swaglabs.testcases.TestProductPage" name="testAddToCart" time="1.577"/>
  <testcase classname="com.swaglabs.testcases.TestProductPage" name="removeProductFromCartInProductPage" time="2.746"/>
  <testcase classname="com.swaglabs.testcases.TestProductPage" name="goToProductDetailByImage" time="1.396"/>
  <testcase classname="com.swaglabs.testcases.TestProductPage" name="testProductDescription" time="1.635"/>
  <testcase classname="com.swaglabs.testcases.TestProductPage" name="removeProductFromCartInProductPage" time="2.604"/>
  <testcase classname="com.swaglabs.testcases.TestProductPage" name="testProductSorting" time="1.556"/>
</testsuite> <!-- com.swaglabs.testcases.TestProductPage -->
